2024-10-06 07:36:17,819 [WARN] com.zaxxer.hikari.pool.HikariPool [HikariPool-1 housekeeper] HikariPool-1 - Thread starvation or clock leap detected (housekeeper delta=16h51m35s888ms356µs500ns).
2024-10-06 08:02:05,553 [INFO] org.springframework.orm.jpa.LocalContainerEntityManagerFactoryBean [SpringApplicationShutdownHook] Closing JPA EntityManagerFactory for persistence unit 'default'
2024-10-06 08:02:05,554 [INFO] org.hibernate.tool.schema.internal.SchemaDropperImpl$DelayedDropActionImpl [SpringApplicationShutdownHook] HHH000477: Starting delayed evictData of schema as part of SessionFactory shut-down'
2024-10-06 08:02:05,558 [INFO] com.zaxxer.hikari.HikariDataSource [SpringApplicationShutdownHook] HikariPool-1 - Shutdown initiated...
2024-10-06 08:02:05,559 [INFO] com.zaxxer.hikari.HikariDataSource [SpringApplicationShutdownHook] HikariPool-1 - Shutdown completed.
2024-10-06 08:02:11,874 [INFO] org.studyeasy.SpringRestdemo.SpringRestdemoApplication [main] Starting SpringRestdemoApplication using Java 17.0.8 with PID 5880 (C:\Users\pierr\Documents\S04L16 - Delete Album API\target\classes started by pierr in C:\Users\pierr\Documents\S04L16 - Delete Album API)
2024-10-06 08:02:11,876 [DEBUG] org.studyeasy.SpringRestdemo.SpringRestdemoApplication [main] Running with Spring Boot v3.0.1, Spring v6.0.3
2024-10-06 08:02:11,877 [INFO] org.studyeasy.SpringRestdemo.SpringRestdemoApplication [main] No active profile set, falling back to 1 default profile: "default"
2024-10-06 08:02:12,687 [INFO] org.springframework.data.repository.config.RepositoryConfigurationDelegate [main] Bootstrapping Spring Data JPA repositories in DEFAULT mode.
2024-10-06 08:02:12,753 [INFO] org.springframework.data.repository.config.RepositoryConfigurationDelegate [main] Finished Spring Data repository scanning in 59 ms. Found 3 JPA repository interfaces.
2024-10-06 08:02:13,236 [INFO] org.springframework.boot.web.embedded.tomcat.TomcatWebServer [main] Tomcat initialized with port(s): 8080 (http)
2024-10-06 08:02:13,245 [INFO] org.apache.catalina.core.StandardService [main] Starting service [Tomcat]
2024-10-06 08:02:13,245 [INFO] org.apache.catalina.core.StandardEngine [main] Starting Servlet engine: [Apache Tomcat/10.1.4]
2024-10-06 08:02:13,333 [INFO] org.apache.catalina.core.ContainerBase.[Tomcat].[localhost].[/] [main] Initializing Spring embedded WebApplicationContext
2024-10-06 08:02:13,333 [INFO] org.springframework.boot.web.servlet.context.ServletWebServerApplicationContext [main] Root WebApplicationContext: initialization completed in 1402 ms
2024-10-06 08:02:13,359 [INFO] com.zaxxer.hikari.HikariDataSource [main] HikariPool-1 - Starting...
2024-10-06 08:02:13,364 [WARN] com.zaxxer.hikari.util.DriverDataSource [main] Registered driver with driverClassName=org.hsqldb.jdbcDriver was not found, trying direct instantiation.
2024-10-06 08:02:13,583 [INFO] com.zaxxer.hikari.pool.PoolBase [main] HikariPool-1 - Driver does not support get/set network timeout for connections. (feature not supported)
2024-10-06 08:02:13,584 [INFO] com.zaxxer.hikari.pool.HikariPool [main] HikariPool-1 - Added connection org.hsqldb.jdbc.JDBCConnection@587c5c1
2024-10-06 08:02:13,586 [INFO] com.zaxxer.hikari.HikariDataSource [main] HikariPool-1 - Start completed.
2024-10-06 08:02:13,594 [INFO] org.springframework.boot.autoconfigure.h2.H2ConsoleAutoConfiguration [main] H2 console available at '/db-console'. Database available at 'jdbc:hsqldb:mem:demodb'
2024-10-06 08:02:13,712 [INFO] org.hibernate.jpa.internal.util.LogHelper [main] HHH000204: Processing PersistenceUnitInfo [name: default]
2024-10-06 08:02:13,763 [INFO] org.hibernate.Version [main] HHH000412: Hibernate ORM core version 6.1.6.Final
2024-10-06 08:02:13,921 [WARN] org.hibernate.orm.deprecation [main] HHH90000021: Encountered deprecated setting [javax.persistence.sharedCache.mode], use [jakarta.persistence.sharedCache.mode] instead
2024-10-06 08:02:14,046 [INFO] SQL dialect [main] HHH000400: Using dialect: org.hibernate.dialect.HSQLDialect
2024-10-06 08:02:14,830 [INFO] org.hibernate.engine.transaction.jta.platform.internal.JtaPlatformInitiator [main] HHH000490: Using JtaPlatform implementation: [org.hibernate.engine.transaction.jta.platform.internal.NoJtaPlatform]
2024-10-06 08:02:14,839 [INFO] org.springframework.orm.jpa.LocalContainerEntityManagerFactoryBean [main] Initialized JPA EntityManagerFactory for persistence unit 'default'
2024-10-06 08:02:16,048 [WARN] org.springframework.boot.autoconfigure.orm.jpa.JpaBaseConfiguration$JpaWebConfiguration [main] spring.jpa.open-in-view is enabled by default. Therefore, database queries may be performed during view rendering. Explicitly configure spring.jpa.open-in-view to disable this warning
2024-10-06 08:02:16,710 [INFO] org.springframework.security.web.DefaultSecurityFilterChain [main] Will secure any request with [org.springframework.security.web.session.DisableEncodeUrlFilter@363e2009, org.springframework.security.web.context.request.async.WebAsyncManagerIntegrationFilter@7b55fc83, org.springframework.security.web.context.SecurityContextHolderFilter@2f09907, org.springframework.security.web.header.HeaderWriterFilter@198a0416, org.springframework.security.web.authentication.logout.LogoutFilter@5980e29f, org.springframework.security.oauth2.server.resource.web.authentication.BearerTokenAuthenticationFilter@c3836b6, org.springframework.security.web.savedrequest.RequestCacheAwareFilter@5f8a29ca, org.springframework.security.web.servletapi.SecurityContextHolderAwareRequestFilter@31885b4b, org.springframework.security.web.authentication.AnonymousAuthenticationFilter@3615f8d9, org.springframework.security.web.session.SessionManagementFilter@7db679, org.springframework.security.web.access.ExceptionTranslationFilter@69c263f8, org.springframework.security.web.access.intercept.AuthorizationFilter@4552e288]
2024-10-06 08:02:16,944 [INFO] org.springframework.boot.web.embedded.tomcat.TomcatWebServer [main] Tomcat started on port(s): 8080 (http) with context path ''
2024-10-06 08:02:16,952 [INFO] org.studyeasy.SpringRestdemo.SpringRestdemoApplication [main] Started SpringRestdemoApplication in 5.535 seconds (process running for 6.488)
2024-10-06 08:02:23,271 [INFO] org.apache.catalina.core.ContainerBase.[Tomcat].[localhost].[/] [http-nio-8080-exec-1] Initializing Spring DispatcherServlet 'dispatcherServlet'
2024-10-06 08:02:23,271 [INFO] org.springframework.web.servlet.DispatcherServlet [http-nio-8080-exec-1] Initializing Servlet 'dispatcherServlet'
2024-10-06 08:02:23,272 [INFO] org.springframework.web.servlet.DispatcherServlet [http-nio-8080-exec-1] Completed initialization in 1 ms
2024-10-06 08:04:56,916 [INFO] org.apache.catalina.core.StandardService [SpringApplicationShutdownHook] Stopping service [Tomcat]
2024-10-06 08:04:56,929 [INFO] org.apache.catalina.core.ContainerBase.[Tomcat].[localhost].[/] [SpringApplicationShutdownHook] Destroying Spring FrameworkServlet 'dispatcherServlet'
2024-10-06 08:04:57,083 [INFO] org.springframework.orm.jpa.LocalContainerEntityManagerFactoryBean [SpringApplicationShutdownHook] Closing JPA EntityManagerFactory for persistence unit 'default'
2024-10-06 08:04:57,085 [INFO] org.hibernate.tool.schema.internal.SchemaDropperImpl$DelayedDropActionImpl [SpringApplicationShutdownHook] HHH000477: Starting delayed evictData of schema as part of SessionFactory shut-down'
2024-10-06 08:04:57,091 [INFO] com.zaxxer.hikari.HikariDataSource [SpringApplicationShutdownHook] HikariPool-1 - Shutdown initiated...
2024-10-06 08:04:57,096 [INFO] com.zaxxer.hikari.HikariDataSource [SpringApplicationShutdownHook] HikariPool-1 - Shutdown completed.
2024-10-06 08:05:03,136 [INFO] org.studyeasy.SpringRestdemo.SpringRestdemoApplication [main] Starting SpringRestdemoApplication using Java 17.0.8 with PID 15388 (C:\Users\pierr\Documents\S04L16 - Delete Album API\target\classes started by pierr in C:\Users\pierr\Documents\S04L16 - Delete Album API)
2024-10-06 08:05:03,138 [DEBUG] org.studyeasy.SpringRestdemo.SpringRestdemoApplication [main] Running with Spring Boot v3.0.1, Spring v6.0.3
2024-10-06 08:05:03,139 [INFO] org.studyeasy.SpringRestdemo.SpringRestdemoApplication [main] No active profile set, falling back to 1 default profile: "default"
2024-10-06 08:05:03,934 [INFO] org.springframework.data.repository.config.RepositoryConfigurationDelegate [main] Bootstrapping Spring Data JPA repositories in DEFAULT mode.
2024-10-06 08:05:04,004 [INFO] org.springframework.data.repository.config.RepositoryConfigurationDelegate [main] Finished Spring Data repository scanning in 61 ms. Found 3 JPA repository interfaces.
2024-10-06 08:05:04,532 [INFO] org.springframework.boot.web.embedded.tomcat.TomcatWebServer [main] Tomcat initialized with port(s): 8080 (http)
2024-10-06 08:05:04,540 [INFO] org.apache.catalina.core.StandardService [main] Starting service [Tomcat]
2024-10-06 08:05:04,541 [INFO] org.apache.catalina.core.StandardEngine [main] Starting Servlet engine: [Apache Tomcat/10.1.4]
2024-10-06 08:05:04,638 [INFO] org.apache.catalina.core.ContainerBase.[Tomcat].[localhost].[/] [main] Initializing Spring embedded WebApplicationContext
2024-10-06 08:05:04,639 [INFO] org.springframework.boot.web.servlet.context.ServletWebServerApplicationContext [main] Root WebApplicationContext: initialization completed in 1441 ms
2024-10-06 08:05:04,669 [INFO] com.zaxxer.hikari.HikariDataSource [main] HikariPool-1 - Starting...
2024-10-06 08:05:04,675 [WARN] com.zaxxer.hikari.util.DriverDataSource [main] Registered driver with driverClassName=org.hsqldb.jdbcDriver was not found, trying direct instantiation.
2024-10-06 08:05:04,928 [INFO] com.zaxxer.hikari.pool.PoolBase [main] HikariPool-1 - Driver does not support get/set network timeout for connections. (feature not supported)
2024-10-06 08:05:04,929 [INFO] com.zaxxer.hikari.pool.HikariPool [main] HikariPool-1 - Added connection org.hsqldb.jdbc.JDBCConnection@4b55ff0a
2024-10-06 08:05:04,931 [INFO] com.zaxxer.hikari.HikariDataSource [main] HikariPool-1 - Start completed.
2024-10-06 08:05:04,941 [INFO] org.springframework.boot.autoconfigure.h2.H2ConsoleAutoConfiguration [main] H2 console available at '/db-console'. Database available at 'jdbc:hsqldb:mem:demodb'
2024-10-06 08:05:05,067 [INFO] org.hibernate.jpa.internal.util.LogHelper [main] HHH000204: Processing PersistenceUnitInfo [name: default]
2024-10-06 08:05:05,121 [INFO] org.hibernate.Version [main] HHH000412: Hibernate ORM core version 6.1.6.Final
2024-10-06 08:05:05,301 [WARN] org.hibernate.orm.deprecation [main] HHH90000021: Encountered deprecated setting [javax.persistence.sharedCache.mode], use [jakarta.persistence.sharedCache.mode] instead
2024-10-06 08:05:05,434 [INFO] SQL dialect [main] HHH000400: Using dialect: org.hibernate.dialect.HSQLDialect
2024-10-06 08:05:06,303 [INFO] org.hibernate.engine.transaction.jta.platform.internal.JtaPlatformInitiator [main] HHH000490: Using JtaPlatform implementation: [org.hibernate.engine.transaction.jta.platform.internal.NoJtaPlatform]
2024-10-06 08:05:06,314 [INFO] org.springframework.orm.jpa.LocalContainerEntityManagerFactoryBean [main] Initialized JPA EntityManagerFactory for persistence unit 'default'
2024-10-06 08:05:07,363 [WARN] org.springframework.boot.autoconfigure.orm.jpa.JpaBaseConfiguration$JpaWebConfiguration [main] spring.jpa.open-in-view is enabled by default. Therefore, database queries may be performed during view rendering. Explicitly configure spring.jpa.open-in-view to disable this warning
2024-10-06 08:05:08,045 [INFO] org.springframework.security.web.DefaultSecurityFilterChain [main] Will secure any request with [org.springframework.security.web.session.DisableEncodeUrlFilter@4cf1bd4a, org.springframework.security.web.context.request.async.WebAsyncManagerIntegrationFilter@26619e5, org.springframework.security.web.context.SecurityContextHolderFilter@4bba2704, org.springframework.security.web.header.HeaderWriterFilter@3fc2e100, org.springframework.security.web.authentication.logout.LogoutFilter@389a9ff6, org.springframework.security.oauth2.server.resource.web.authentication.BearerTokenAuthenticationFilter@1e9b0c92, org.springframework.security.web.savedrequest.RequestCacheAwareFilter@39179470, org.springframework.security.web.servletapi.SecurityContextHolderAwareRequestFilter@1a82453, org.springframework.security.web.authentication.AnonymousAuthenticationFilter@445f6aa7, org.springframework.security.web.session.SessionManagementFilter@1c618295, org.springframework.security.web.access.ExceptionTranslationFilter@4f93a8f6, org.springframework.security.web.access.intercept.AuthorizationFilter@1a59500b]
2024-10-06 08:05:08,319 [INFO] org.springframework.boot.web.embedded.tomcat.TomcatWebServer [main] Tomcat started on port(s): 8080 (http) with context path ''
2024-10-06 08:05:08,328 [INFO] org.studyeasy.SpringRestdemo.SpringRestdemoApplication [main] Started SpringRestdemoApplication in 5.694 seconds (process running for 6.328)
2024-10-06 08:46:47,449 [INFO] org.apache.catalina.core.ContainerBase.[Tomcat].[localhost].[/] [http-nio-8080-exec-1] Initializing Spring DispatcherServlet 'dispatcherServlet'
2024-10-06 08:46:47,450 [INFO] org.springframework.web.servlet.DispatcherServlet [http-nio-8080-exec-1] Initializing Servlet 'dispatcherServlet'
2024-10-06 08:46:47,452 [INFO] org.springframework.web.servlet.DispatcherServlet [http-nio-8080-exec-1] Completed initialization in 2 ms
2024-10-06 09:19:44,896 [INFO] org.springframework.orm.jpa.LocalContainerEntityManagerFactoryBean [SpringApplicationShutdownHook] Closing JPA EntityManagerFactory for persistence unit 'default'
2024-10-06 09:19:44,898 [INFO] org.hibernate.tool.schema.internal.SchemaDropperImpl$DelayedDropActionImpl [SpringApplicationShutdownHook] HHH000477: Starting delayed evictData of schema as part of SessionFactory shut-down'
2024-10-06 09:19:44,904 [INFO] com.zaxxer.hikari.HikariDataSource [SpringApplicationShutdownHook] HikariPool-1 - Shutdown initiated...
2024-10-06 09:19:44,907 [INFO] com.zaxxer.hikari.HikariDataSource [SpringApplicationShutdownHook] HikariPool-1 - Shutdown completed.
